TN:
SF:src/GhanaCardDetector.ts
FN:96,(anonymous_16)
FN:161,(anonymous_17)
FN:193,(anonymous_19)
FN:194,(anonymous_20)
FN:195,(anonymous_21)
FN:196,(anonymous_22)
FN:197,(anonymous_23)
FN:200,(anonymous_24)
FN:208,(anonymous_26)
FN:234,(anonymous_28)
FN:236,(anonymous_29)
FN:270,(anonymous_30)
FN:274,(anonymous_31)
FN:297,(anonymous_32)
FN:312,(anonymous_33)
FN:321,(anonymous_34)
FN:324,(anonymous_35)
FN:400,(anonymous_37)
FN:439,(anonymous_39)
FN:455,(anonymous_40)
FN:585,(anonymous_42)
FN:588,(anonymous_43)
FN:620,(anonymous_44)
FN:665,(anonymous_45)
FN:693,(anonymous_46)
FN:725,(anonymous_47)
FN:793,(anonymous_48)
FN:801,(anonymous_49)
FN:803,(anonymous_50)
FN:820,(anonymous_51)
FN:826,(anonymous_52)
FN:836,(anonymous_53)
FN:851,(anonymous_54)
FN:876,(anonymous_55)
FN:882,(anonymous_56)
FN:886,(anonymous_57)
FN:890,(anonymous_58)
FN:894,(anonymous_59)
FN:899,(anonymous_60)
FNF:39
FNH:0
FNDA:0,(anonymous_16)
FNDA:0,(anonymous_17)
FNDA:0,(anonymous_19)
FNDA:0,(anonymous_20)
FNDA:0,(anonymous_21)
FNDA:0,(anonymous_22)
FNDA:0,(anonymous_23)
FNDA:0,(anonymous_24)
FNDA:0,(anonymous_26)
FNDA:0,(anonymous_28)
FNDA:0,(anonymous_29)
FNDA:0,(anonymous_30)
FNDA:0,(anonymous_31)
FNDA:0,(anonymous_32)
FNDA:0,(anonymous_33)
FNDA:0,(anonymous_34)
FNDA:0,(anonymous_35)
FNDA:0,(anonymous_37)
FNDA:0,(anonymous_39)
FNDA:0,(anonymous_40)
FNDA:0,(anonymous_42)
FNDA:0,(anonymous_43)
FNDA:0,(anonymous_44)
FNDA:0,(anonymous_45)
FNDA:0,(anonymous_46)
FNDA:0,(anonymous_47)
FNDA:0,(anonymous_48)
FNDA:0,(anonymous_49)
FNDA:0,(anonymous_50)
FNDA:0,(anonymous_51)
FNDA:0,(anonymous_52)
FNDA:0,(anonymous_53)
FNDA:0,(anonymous_54)
FNDA:0,(anonymous_55)
FNDA:0,(anonymous_56)
FNDA:0,(anonymous_57)
FNDA:0,(anonymous_58)
FNDA:0,(anonymous_59)
FNDA:0,(anonymous_60)
DA:1,0
DA:2,0
DA:47,0
DA:105,0
DA:108,0
DA:111,0
DA:112,0
DA:115,0
DA:116,0
DA:117,0
DA:118,0
DA:119,0
DA:120,0
DA:122,0
DA:123,0
DA:124,0
DA:125,0
DA:128,0
DA:129,0
DA:132,0
DA:133,0
DA:134,0
DA:135,0
DA:136,0
DA:137,0
DA:138,0
DA:139,0
DA:140,0
DA:144,0
DA:145,0
DA:146,0
DA:147,0
DA:148,0
DA:149,0
DA:150,0
DA:153,0
DA:154,0
DA:155,0
DA:158,0
DA:162,0
DA:163,0
DA:165,0
DA:166,0
DA:169,0
DA:170,0
DA:173,0
DA:175,0
DA:176,0
DA:180,0
DA:181,0
DA:183,0
DA:184,0
DA:187,0
DA:188,0
DA:189,0
DA:194,0
DA:195,0
DA:196,0
DA:197,0
DA:201,0
DA:202,0
DA:204,0
DA:209,0
DA:210,0
DA:211,0
DA:214,0
DA:215,0
DA:218,0
DA:226,0
DA:227,0
DA:228,0
DA:230,0
DA:234,0
DA:235,0
DA:236,0
DA:237,0
DA:238,0
DA:241,0
DA:246,0
DA:247,0
DA:248,0
DA:251,0
DA:253,0
DA:254,0
DA:255,0
DA:258,0
DA:260,0
DA:263,0
DA:265,0
DA:266,0
DA:272,0
DA:273,0
DA:274,0
DA:275,0
DA:279,0
DA:280,0
DA:284,0
DA:285,0
DA:287,0
DA:288,0
DA:289,0
DA:290,0
DA:291,0
DA:294,0
DA:298,0
DA:300,0
DA:301,0
DA:304,0
DA:305,0
DA:306,0
DA:308,0
DA:313,0
DA:316,0
DA:317,0
DA:321,0
DA:325,0
DA:326,0
DA:329,0
DA:330,0
DA:331,0
DA:335,0
DA:338,0
DA:339,0
DA:342,0
DA:345,0
DA:346,0
DA:347,0
DA:350,0
DA:353,0
DA:354,0
DA:355,0
DA:356,0
DA:359,0
DA:369,0
DA:372,0
DA:375,0
DA:385,0
DA:386,0
DA:387,0
DA:388,0
DA:390,0
DA:393,0
DA:394,0
DA:396,0
DA:401,0
DA:403,0
DA:406,0
DA:408,0
DA:410,0
DA:413,0
DA:416,0
DA:419,0
DA:420,0
DA:424,0
DA:425,0
DA:428,0
DA:429,0
DA:433,0
DA:437,0
DA:438,0
DA:439,0
DA:440,0
DA:441,0
DA:444,0
DA:445,0
DA:449,0
DA:452,0
DA:456,0
DA:458,0
DA:463,0
DA:465,0
DA:468,0
DA:473,0
DA:475,0
DA:477,0
DA:478,0
DA:481,0
DA:482,0
DA:483,0
DA:484,0
DA:485,0
DA:488,0
DA:491,0
DA:492,0
DA:493,0
DA:494,0
DA:497,0
DA:498,0
DA:499,0
DA:500,0
DA:503,0
DA:506,0
DA:525,0
DA:527,0
DA:529,0
DA:530,0
DA:537,0
DA:538,0
DA:539,0
DA:540,0
DA:541,0
DA:544,0
DA:547,0
DA:548,0
DA:549,0
DA:550,0
DA:553,0
DA:554,0
DA:555,0
DA:556,0
DA:559,0
DA:562,0
DA:581,0
DA:585,0
DA:590,0
DA:591,0
DA:594,0
DA:595,0
DA:599,0
DA:600,0
DA:603,0
DA:604,0
DA:606,0
DA:607,0
DA:609,0
DA:610,0
DA:612,0
DA:617,0
DA:621,0
DA:622,0
DA:626,0
DA:627,0
DA:631,0
DA:632,0
DA:633,0
DA:634,0
DA:636,0
DA:640,0
DA:641,0
DA:642,0
DA:645,0
DA:646,0
DA:647,0
DA:648,0
DA:649,0
DA:657,0
DA:658,0
DA:666,0
DA:667,0
DA:668,0
DA:672,0
DA:675,0
DA:676,0
DA:679,0
DA:682,0
DA:683,0
DA:684,0
DA:688,0
DA:689,0
DA:694,0
DA:695,0
DA:696,0
DA:699,0
DA:702,0
DA:703,0
DA:706,0
DA:709,0
DA:710,0
DA:712,0
DA:713,0
DA:716,0
DA:719,0
DA:720,0
DA:721,0
DA:726,0
DA:727,0
DA:730,0
DA:733,0
DA:736,0
DA:737,0
DA:740,0
DA:741,0
DA:744,0
DA:745,0
DA:746,0
DA:749,0
DA:750,0
DA:751,0
DA:752,0
DA:755,0
DA:756,0
DA:757,0
DA:761,0
DA:762,0
DA:764,0
DA:766,0
DA:773,0
DA:774,0
DA:776,0
DA:777,0
DA:780,0
DA:783,0
DA:784,0
DA:785,0
DA:788,0
DA:789,0
DA:794,0
DA:795,0
DA:796,0
DA:799,0
DA:801,0
DA:803,0
DA:804,0
DA:805,0
DA:806,0
DA:807,0
DA:808,0
DA:812,0
DA:813,0
DA:816,0
DA:821,0
DA:822,0
DA:824,0
DA:828,0
DA:830,0
DA:831,0
DA:834,0
DA:838,0
DA:839,0
DA:841,0
DA:842,0
DA:845,0
DA:852,0
DA:854,0
DA:857,0
DA:866,0
DA:867,0
DA:871,0
DA:872,0
DA:877,0
DA:878,0
DA:883,0
DA:887,0
DA:891,0
DA:895,0
DA:900,0
DA:901,0
DA:904,0
DA:908,0
LF:349
LH:0
BRDA:96,0,0,0
BRDA:99,1,0,0
BRDA:100,2,0,0
BRDA:101,3,0,0
BRDA:102,4,0,0
BRDA:128,5,0,0
BRDA:128,5,1,0
BRDA:128,6,0,0
BRDA:128,6,1,0
BRDA:128,7,0,0
BRDA:128,7,1,0
BRDA:129,8,0,0
BRDA:129,8,1,0
BRDA:129,9,0,0
BRDA:129,9,1,0
BRDA:129,10,0,0
BRDA:129,10,1,0
BRDA:132,11,0,0
BRDA:132,12,0,0
BRDA:132,12,1,0
BRDA:165,13,0,0
BRDA:175,14,0,0
BRDA:194,15,0,0
BRDA:194,15,1,0
BRDA:194,16,0,0
BRDA:194,16,1,0
BRDA:195,17,0,0
BRDA:195,17,1,0
BRDA:195,18,0,0
BRDA:195,18,1,0
BRDA:196,19,0,0
BRDA:196,19,1,0
BRDA:196,20,0,0
BRDA:196,20,1,0
BRDA:197,21,0,0
BRDA:197,21,1,0
BRDA:197,22,0,0
BRDA:197,22,1,0
BRDA:201,23,0,0
BRDA:201,23,1,0
BRDA:209,24,0,0
BRDA:227,25,0,0
BRDA:227,25,1,0
BRDA:235,26,0,0
BRDA:235,26,1,0
BRDA:246,27,0,0
BRDA:246,28,0,0
BRDA:246,28,1,0
BRDA:253,29,0,0
BRDA:254,30,0,0
BRDA:255,31,0,0
BRDA:272,32,0,0
BRDA:272,33,0,0
BRDA:272,33,1,0
BRDA:279,34,0,0
BRDA:279,35,0,0
BRDA:279,35,1,0
BRDA:287,36,0,0
BRDA:288,37,0,0
BRDA:289,38,0,0
BRDA:300,39,0,0
BRDA:301,40,0,0
BRDA:301,40,1,0
BRDA:304,41,0,0
BRDA:304,41,1,0
BRDA:313,42,0,0
BRDA:316,43,0,0
BRDA:330,44,0,0
BRDA:393,45,0,0
BRDA:401,46,0,0
BRDA:401,47,0,0
BRDA:401,47,1,0
BRDA:401,47,2,0
BRDA:401,47,3,0
BRDA:419,48,0,0
BRDA:419,49,0,0
BRDA:419,49,1,0
BRDA:424,50,0,0
BRDA:424,50,1,0
BRDA:428,51,0,0
BRDA:438,52,0,0
BRDA:438,52,1,0
BRDA:440,53,0,0
BRDA:440,54,0,0
BRDA:440,54,1,0
BRDA:444,55,0,0
BRDA:444,56,0,0
BRDA:444,56,1,0
BRDA:463,57,0,0
BRDA:463,57,1,0
BRDA:473,58,0,0
BRDA:473,58,1,0
BRDA:478,59,0,0
BRDA:478,60,0,0
BRDA:478,60,1,0
BRDA:488,61,0,0
BRDA:525,62,0,0
BRDA:525,63,0,0
BRDA:525,63,1,0
BRDA:530,64,0,0
BRDA:530,65,0,0
BRDA:530,65,1,0
BRDA:530,65,2,0
BRDA:530,65,3,0
BRDA:530,65,4,0
BRDA:544,66,0,0
BRDA:594,67,0,0
BRDA:594,68,0,0
BRDA:594,68,1,0
BRDA:594,68,2,0
BRDA:594,68,3,0
BRDA:607,69,0,0
BRDA:607,70,0,0
BRDA:607,70,1,0
BRDA:609,71,0,0
BRDA:609,71,1,0
BRDA:609,72,0,0
BRDA:609,72,1,0
BRDA:621,73,0,0
BRDA:621,74,0,0
BRDA:621,74,1,0
BRDA:621,74,2,0
BRDA:631,75,0,0
BRDA:631,75,1,0
BRDA:633,76,0,0
BRDA:633,76,1,0
BRDA:651,77,0,0
BRDA:651,77,1,0
BRDA:661,78,0,0
BRDA:661,78,1,0
BRDA:666,79,0,0
BRDA:666,80,0,0
BRDA:666,80,1,0
BRDA:675,81,0,0
BRDA:675,81,1,0
BRDA:675,82,0,0
BRDA:675,82,1,0
BRDA:682,83,0,0
BRDA:694,84,0,0
BRDA:694,85,0,0
BRDA:694,85,1,0
BRDA:694,85,2,0
BRDA:709,86,0,0
BRDA:712,87,0,0
BRDA:719,88,0,0
BRDA:726,89,0,0
BRDA:726,90,0,0
BRDA:726,90,1,0
BRDA:726,90,2,0
BRDA:740,91,0,0
BRDA:741,92,0,0
BRDA:755,93,0,0
BRDA:755,94,0,0
BRDA:755,94,1,0
BRDA:773,95,0,0
BRDA:776,96,0,0
BRDA:783,97,0,0
BRDA:793,98,0,0
BRDA:794,99,0,0
BRDA:794,100,0,0
BRDA:794,100,1,0
BRDA:804,101,0,0
BRDA:821,102,0,0
BRDA:828,103,0,0
BRDA:828,103,1,0
BRDA:830,104,0,0
BRDA:831,105,0,0
BRDA:831,105,1,0
BRDA:841,106,0,0
BRDA:851,107,0,0
BRDA:852,108,0,0
BRDA:866,109,0,0
BRDA:871,110,0,0
BRDA:877,111,0,0
BRDA:899,112,0,0
BRDA:899,113,0,0
BRDA:900,114,0,0
BRDA:900,115,0,0
BRDA:900,115,1,0
BRF:179
BRH:0
end_of_record
TN:
SF:src/index.ts
FNF:0
FNH:0
DA:1,0
DA:2,0
DA:4,0
LF:3
LH:0
BRF:0
BRH:0
end_of_record
